  context.c
D:\Dev\Chonps\Chonps\Dependencies\GLFW\src\internal.h(194,1): fatal error C1189: #error:  "No supported window creation API selected"
  egl_context.c
D:\Dev\Chonps\Chonps\Dependencies\GLFW\src\internal.h(194,1): fatal error C1189: #error:  "No supported window creation API selected"
  init.c
D:\Dev\Chonps\Chonps\Dependencies\GLFW\src\internal.h(194,1): fatal error C1189: #error:  "No supported window creation API selected"
  input.c
D:\Dev\Chonps\Chonps\Dependencies\GLFW\src\internal.h(194,1): fatal error C1189: #error:  "No supported window creation API selected"
  monitor.c
D:\Dev\Chonps\Chonps\Dependencies\GLFW\src\internal.h(194,1): fatal error C1189: #error:  "No supported window creation API selected"
  osmesa_context.c
D:\Dev\Chonps\Chonps\Dependencies\GLFW\src\internal.h(194,1): fatal error C1189: #error:  "No supported window creation API selected"
  vulkan.c
D:\Dev\Chonps\Chonps\Dependencies\GLFW\src\internal.h(194,1): fatal error C1189: #error:  "No supported window creation API selected"
  wgl_context.c
D:\Dev\Chonps\Chonps\Dependencies\GLFW\src\internal.h(194,1): fatal error C1189: #error:  "No supported window creation API selected"
  win32_init.c
D:\Dev\Chonps\Chonps\Dependencies\GLFW\src\internal.h(194,1): fatal error C1189: #error:  "No supported window creation API selected"
  win32_joystick.c
D:\Dev\Chonps\Chonps\Dependencies\GLFW\src\internal.h(194,1): fatal error C1189: #error:  "No supported window creation API selected"
  win32_monitor.c
D:\Dev\Chonps\Chonps\Dependencies\GLFW\src\internal.h(194,1): fatal error C1189: #error:  "No supported window creation API selected"
  win32_thread.c
D:\Dev\Chonps\Chonps\Dependencies\GLFW\src\internal.h(194,1): fatal error C1189: #error:  "No supported window creation API selected"
  win32_time.c
D:\Dev\Chonps\Chonps\Dependencies\GLFW\src\internal.h(194,1): fatal error C1189: #error:  "No supported window creation API selected"
  win32_window.c
D:\Dev\Chonps\Chonps\Dependencies\GLFW\src\internal.h(194,1): fatal error C1189: #error:  "No supported window creation API selected"
  window.c
D:\Dev\Chonps\Chonps\Dependencies\GLFW\src\internal.h(194,1): fatal error C1189: #error:  "No supported window creation API selected"
